<?xml version="1.0" encoding="UTF-8"?>
<!-- Generated by org.testng.reporters.JUnitReportReporter -->
<testsuite hostname="APT04-1DKF7G3" failures="0" tests="2" name="cucumberOptions.testNGRunner" time="28.215" errors="0" timestamp="2024-05-21T19:46:58 IST" skipped="0">
  <testcase classname="cucumberOptions.testNGRunner" name="runScenario" time="14.110"/>
  <testcase classname="cucumberOptions.testNGRunner" name="runScenario" time="14.105"/>
</testsuite> <!-- cucumberOptions.testNGRunner -->
